System Information:
ProductName:		macOS
ProductVersion:		13.4
BuildVersion:		22F66
Python Information:
Python 3.11.5

Installed Python Packages:
annotated-types==0.6.0
appdirs==1.4.4
appnope==0.1.3
asttokens==2.4.1
attrs==23.1.0
certifi==2023.11.17
charset-normalizer==3.3.2
comm==0.1.4
ConfigArgParse==1.7
connection-pool==0.0.3
contourpy==1.2.0
cycler==0.12.1
dacite==1.8.1
datrie==0.8.2
debugpy==1.8.0
decorator==5.1.1
docutils==0.20.1
dpath==2.1.6
executing==2.0.1
fastjsonschema==2.19.0
fonttools==4.45.1
gitdb==4.0.11
GitPython==3.1.40
htmlmin==0.1.12
humanfriendly==10.0
idna==3.6
ImageHash==4.3.1
ipykernel==6.26.0
ipython==8.17.2
jedi==0.19.1
Jinja2==3.1.2
joblib==1.3.2
jsonschema==4.20.0
jsonschema-specifications==2023.11.2
jupyter_client==8.5.0
jupyter_core==5.5.0
keras==2.14.0
kiwisolver==1.4.5
llvmlite==0.41.1
MarkupSafe==2.1.3
matplotlib==3.7.3
matplotlib-inline==0.1.6
multimethod==1.10
nbformat==5.9.2
nest-asyncio==1.5.8
networkx==3.2.1
numba==0.58.1
numpy==1.25.2
packaging==23.2
pandas==2.0.3
parso==0.8.3
patsy==0.5.3
pexpect==4.8.0
phik==0.12.3
Pillow==10.0.1
plac==1.4.1
platformdirs==3.11.0
prompt-toolkit==3.0.39
psutil==5.9.6
ptyprocess==0.7.0
PuLP==2.7.0
pure-eval==0.2.2
pydantic==2.5.2
pydantic_core==2.14.5
Pygments==2.16.1
pyparsing==3.1.1
python-dateutil==2.8.2
pytz==2023.3.post1
PyWavelets==1.5.0
PyYAML==6.0.1
pyzmq==25.1.1
rdkit==2023.3.3
referencing==0.31.1
requests==2.31.0
reretry==0.11.8
rpds-py==0.13.2
scikit-learn==1.3.2
scipy==1.11.4
seaborn==0.12.2
six==1.16.0
smart-open==6.4.0
smmap==5.0.1
snakemake==7.32.4
stack-data==0.6.3
statsmodels==0.14.0
stopit==1.1.2
tabulate==0.9.0
tangled-up-in-unicode==0.2.0
threadpoolctl==3.2.0
throttler==1.2.2
toposort==1.10
tornado==6.3.3
tqdm==4.66.1
traitlets==5.13.0
typeguard==4.1.5
typing_extensions==4.8.0
tzdata==2023.3
urllib3==2.1.0
visions==0.7.5
wcwidth==0.2.9
wordcloud==1.9.2
wrapt==1.16.0
ydata-profiling==4.6.2
yte==1.5.1